
2024/06/19 (11:16:07) | ===> btop++ v.1.3.2
2024/06/19 (11:16:07) | WARNING: Failed to set locale en_US.UTF-8 continuing anyway.
2024/06/19 (11:16:07) | WARNING: NVML: Failed to get maximum GPU power draw, defaulting to 225W: Not Supported

2024/06/19 (11:19:47) | ===> btop++ v.1.3.2
2024/06/19 (11:19:47) | WARNING: Failed to set locale en_US.UTF-8 continuing anyway.
2024/06/19 (11:19:47) | WARNING: NVML: Failed to get maximum GPU power draw, defaulting to 225W: Not Supported

2024/06/20 (18:47:14) | ===> btop++ v.1.3.2
2024/06/20 (18:47:14) | WARNING: Failed to set locale en_US.UTF-8 continuing anyway.
2024/06/20 (18:47:14) | WARNING: NVML: Failed to get maximum GPU power draw, defaulting to 225W: Not Supported

2024/06/21 (11:54:08) | ===> btop++ v.1.3.2
2024/06/21 (11:54:08) | WARNING: Failed to set locale en_US.UTF-8 continuing anyway.
2024/06/21 (11:54:08) | WARNING: NVML: Failed to get maximum GPU power draw, defaulting to 225W: Not Supported

2024/06/21 (11:58:35) | ===> btop++ v.1.3.2
2024/06/21 (11:58:35) | WARNING: Failed to set locale en_US.UTF-8 continuing anyway.
2024/06/21 (11:58:35) | WARNING: NVML: Failed to get maximum GPU power draw, defaulting to 225W: Not Supported

2024/06/21 (11:58:49) | ===> btop++ v.1.3.2
2024/06/21 (11:58:49) | WARNING: Failed to set locale en_US.UTF-8 continuing anyway.
2024/06/21 (11:58:49) | WARNING: NVML: Failed to get maximum GPU power draw, defaulting to 225W: Not Supported

2024/06/21 (12:19:17) | ===> btop++ v.1.3.2
2024/06/21 (12:19:17) | WARNING: Failed to set locale en_US.UTF-8 continuing anyway.
2024/06/21 (12:19:17) | WARNING: NVML: Failed to get maximum GPU power draw, defaulting to 225W: Not Supported

2024/07/21 (13:51:06) | ===> btop++ v.1.3.2
2024/07/21 (13:51:06) | WARNING: Failed to set locale en_US.UTF-8 continuing anyway.
2024/07/21 (13:51:07) | WARNING: NVML: Failed to get maximum GPU power draw, defaulting to 225W: Not Supported

2024/07/23 (17:54:47) | ===> btop++ v.1.3.2
2024/07/23 (17:54:47) | WARNING: Failed to set locale en_US.UTF-8 continuing anyway.
2024/07/23 (17:54:47) | WARNING: NVML: Failed to get maximum GPU power draw, defaulting to 225W: Not Supported

2024/07/23 (19:04:50) | ===> btop++ v.1.3.2
2024/07/23 (19:04:50) | WARNING: Failed to set locale en_US.UTF-8 continuing anyway.
2024/07/23 (19:04:50) | WARNING: NVML: Failed to get maximum GPU power draw, defaulting to 225W: Not Supported

2024/07/23 (19:05:07) | ===> btop++ v.1.3.2
2024/07/23 (19:05:07) | WARNING: Failed to set locale en_US.UTF-8 continuing anyway.
2024/07/23 (19:05:07) | WARNING: NVML: Failed to get maximum GPU power draw, defaulting to 225W: Not Supported

2024/07/23 (19:08:11) | ===> btop++ v.1.3.2
2024/07/23 (19:08:11) | WARNING: Failed to set locale en_US.UTF-8 continuing anyway.
2024/07/23 (19:08:11) | WARNING: NVML: Failed to get maximum GPU power draw, defaulting to 225W: Not Supported

2024/07/23 (19:08:50) | ===> btop++ v.1.3.2
2024/07/23 (19:08:50) | WARNING: Failed to set locale en_US.UTF-8 continuing anyway.
2024/07/23 (19:08:50) | WARNING: NVML: Failed to get maximum GPU power draw, defaulting to 225W: Not Supported

2024/08/11 (14:56:59) | ===> btop++ v.1.3.2
2024/08/11 (14:56:59) | WARNING: Failed to set locale en_US.UTF-8 continuing anyway.
2024/08/11 (14:56:59) | WARNING: NVML: Failed to get maximum GPU power draw, defaulting to 225W: Not Supported

2024/09/29 (09:54:47) | ===> btop++ v.1.4.0
2024/09/29 (09:54:47) | WARNING: Failed to set locale en_US.UTF-8 continuing anyway.
2024/09/29 (09:54:48) | WARNING: NVML: Failed to get maximum GPU power draw, defaulting to 225W: Not Supported
2024/09/29 (09:54:48) | WARNING: Intel GPU: Failed to initialize PMU

2024/09/29 (10:04:42) | ===> btop++ v.1.4.0
2024/09/29 (10:04:42) | WARNING: Failed to set locale en_US.UTF-8 continuing anyway.
2024/09/29 (10:04:42) | WARNING: NVML: Failed to get maximum GPU power draw, defaulting to 225W: Not Supported
2024/09/29 (10:04:42) | WARNING: Intel GPU: Failed to initialize PMU

2024/09/29 (10:20:20) | ===> btop++ v.1.4.0
2024/09/29 (10:20:20) | WARNING: Failed to set locale en_US.UTF-8 continuing anyway.
2024/09/29 (10:20:20) | WARNING: NVML: Failed to get maximum GPU power draw, defaulting to 225W: Not Supported
2024/09/29 (10:20:20) | WARNING: Intel GPU: Failed to initialize PMU

2024/09/30 (11:42:34) | ===> btop++ v.1.4.0
2024/09/30 (11:42:34) | WARNING: Failed to set locale en_US.UTF-8 continuing anyway.
2024/09/30 (11:42:34) | WARNING: NVML: Failed to get maximum GPU power draw, defaulting to 225W: Not Supported
2024/09/30 (11:42:34) | WARNING: Intel GPU: Failed to initialize PMU

2024/09/30 (11:49:22) | ===> btop++ v.1.4.0
2024/09/30 (11:49:22) | WARNING: Failed to set locale en_US.UTF-8 continuing anyway.
2024/09/30 (11:49:22) | WARNING: NVML: Failed to get maximum GPU power draw, defaulting to 225W: Not Supported
2024/09/30 (11:49:22) | WARNING: Intel GPU: Failed to initialize PMU

2024/09/30 (14:08:07) | ===> btop++ v.1.4.0
2024/09/30 (14:08:07) | WARNING: Failed to set locale en_US.UTF-8 continuing anyway.
2024/09/30 (14:08:07) | WARNING: NVML: Failed to get maximum GPU power draw, defaulting to 225W: Not Supported
2024/09/30 (14:08:07) | WARNING: Intel GPU: Failed to initialize PMU

2024/10/03 (10:46:31) | ===> btop++ v.1.4.0
2024/10/03 (10:46:31) | WARNING: Failed to set locale en_US.UTF-8 continuing anyway.
2024/10/03 (10:46:31) | WARNING: NVML: Failed to get maximum GPU power draw, defaulting to 225W: Not Supported
2024/10/03 (10:46:31) | WARNING: Intel GPU: Failed to initialize PMU

2024/10/03 (16:48:26) | ===> btop++ v.1.4.0
2024/10/03 (16:48:26) | WARNING: NVML: Failed to get maximum GPU power draw, defaulting to 225W: Not Supported
2024/10/03 (16:48:26) | WARNING: Intel GPU: Failed to initialize PMU
2024/10/03 (17:35:14) | ERROR: Stall in Runner thread, restarting!

2024/10/03 (17:49:51) | ===> btop++ v.1.4.0
2024/10/03 (17:49:51) | WARNING: NVML: Failed to get maximum GPU power draw, defaulting to 225W: Not Supported
2024/10/03 (17:49:51) | WARNING: Intel GPU: Failed to initialize PMU

2024/10/03 (21:48:14) | ===> btop++ v.1.4.0
2024/10/03 (21:48:14) | WARNING: NVML: Failed to get maximum GPU power draw, defaulting to 225W: Not Supported
2024/10/03 (21:48:14) | WARNING: Intel GPU: Failed to initialize PMU

2024/10/04 (11:38:47) | ===> btop++ v.1.4.0
2024/10/04 (11:38:47) | WARNING: NVML: Failed to get maximum GPU power draw, defaulting to 225W: Not Supported
2024/10/04 (11:38:47) | WARNING: Intel GPU: Failed to initialize PMU

2024/10/04 (11:38:54) | ===> btop++ v.1.4.0
2024/10/04 (11:38:54) | WARNING: NVML: Failed to get maximum GPU power draw, defaulting to 225W: Not Supported
2024/10/04 (11:38:54) | WARNING: Intel GPU: Failed to initialize PMU

2024/10/04 (20:48:42) | ===> btop++ v.1.4.0
2024/10/04 (20:48:42) | WARNING: NVML: Failed to get maximum GPU power draw, defaulting to 225W: Not Supported
2024/10/04 (20:48:42) | WARNING: Intel GPU: Failed to initialize PMU

2024/10/04 (21:38:47) | ===> btop++ v.1.4.0
2024/10/04 (21:38:47) | WARNING: NVML: Failed to get maximum GPU power draw, defaulting to 225W: Not Supported
2024/10/04 (21:38:47) | WARNING: Intel GPU: Failed to initialize PMU

2024/10/04 (23:05:21) | ===> btop++ v.1.4.0
2024/10/04 (23:05:21) | WARNING: NVML: Failed to get maximum GPU power draw, defaulting to 225W: Not Supported
2024/10/04 (23:05:21) | WARNING: Intel GPU: Failed to initialize PMU

2024/10/07 (21:17:41) | ===> btop++ v.1.4.0
2024/10/07 (21:17:41) | WARNING: NVML: Failed to get maximum GPU power draw, defaulting to 225W: Not Supported
2024/10/07 (21:17:41) | WARNING: Intel GPU: Failed to initialize PMU
2024/10/07 (22:31:33) | ERROR: Stall in Runner thread, restarting!

2024/10/07 (22:32:24) | ===> btop++ v.1.4.0
2024/10/07 (22:32:24) | WARNING: NVML: Failed to get maximum GPU power draw, defaulting to 225W: Not Supported
2024/10/07 (22:32:25) | WARNING: Intel GPU: Failed to initialize PMU
2024/10/07 (22:33:06) | ERROR: Stall in Runner thread, restarting!

2024/10/07 (22:38:38) | ===> btop++ v.1.4.0
2024/10/07 (22:38:38) | WARNING: NVML: Failed to get maximum GPU power draw, defaulting to 225W: Not Supported
2024/10/07 (22:38:40) | WARNING: Intel GPU: Failed to initialize PMU

2024/10/09 (12:26:25) | ===> btop++ v.1.4.0
2024/10/09 (12:26:25) | WARNING: NVML: Failed to get maximum GPU power draw, defaulting to 225W: Not Supported
2024/10/09 (12:26:25) | WARNING: Intel GPU: Failed to initialize PMU

2024/10/09 (13:07:34) | ===> btop++ v.1.4.0
2024/10/09 (13:07:34) | WARNING: NVML: Failed to get maximum GPU power draw, defaulting to 225W: Not Supported
2024/10/09 (13:07:34) | WARNING: Intel GPU: Failed to initialize PMU

2024/10/11 (02:01:30) | ===> btop++ v.1.4.0
2024/10/11 (02:01:30) | WARNING: NVML: Failed to get maximum GPU power draw, defaulting to 225W: Not Supported
2024/10/11 (02:01:30) | WARNING: Intel GPU: Failed to initialize PMU

2024/10/11 (02:02:17) | ===> btop++ v.1.4.0
2024/10/11 (02:02:17) | WARNING: NVML: Failed to get maximum GPU power draw, defaulting to 225W: Not Supported
2024/10/11 (02:02:17) | WARNING: Intel GPU: Failed to initialize PMU

2024/10/11 (02:02:44) | ===> btop++ v.1.4.0
2024/10/11 (02:02:44) | WARNING: NVML: Failed to get maximum GPU power draw, defaulting to 225W: Not Supported
2024/10/11 (02:02:44) | WARNING: Intel GPU: Failed to initialize PMU

2024/10/11 (02:03:28) | ===> btop++ v.1.4.0
2024/10/11 (02:03:28) | WARNING: NVML: Failed to get maximum GPU power draw, defaulting to 225W: Not Supported
2024/10/11 (02:03:28) | WARNING: Intel GPU: Failed to initialize PMU

2024/10/11 (02:05:05) | ===> btop++ v.1.4.0
2024/10/11 (02:05:05) | WARNING: NVML: Failed to get maximum GPU power draw, defaulting to 225W: Not Supported
2024/10/11 (02:05:05) | WARNING: Intel GPU: Failed to initialize PMU

2024/10/11 (17:57:58) | ===> btop++ v.1.4.0
2024/10/11 (17:57:58) | WARNING: NVML: Failed to get maximum GPU power draw, defaulting to 225W: Not Supported
2024/10/11 (17:57:58) | WARNING: Intel GPU: Failed to initialize PMU

2024/10/13 (20:24:58) | ===> btop++ v.1.4.0
2024/10/13 (20:24:58) | WARNING: NVML: Failed to get maximum GPU power draw, defaulting to 225W: Not Supported
2024/10/13 (20:24:58) | WARNING: Intel GPU: Failed to initialize PMU

2024/10/13 (20:32:54) | ===> btop++ v.1.4.0
2024/10/13 (20:32:54) | WARNING: NVML: Failed to get maximum GPU power draw, defaulting to 225W: Not Supported
2024/10/13 (20:32:54) | WARNING: Intel GPU: Failed to initialize PMU

2024/10/28 (20:19:31) | ===> btop++ v.1.4.0
2024/10/28 (20:19:31) | WARNING: NVML: Failed to get maximum GPU power draw, defaulting to 225W: Not Supported
2024/10/28 (20:19:31) | WARNING: Intel GPU: Failed to initialize PMU

2024/10/29 (11:29:10) | ===> btop++ v.1.4.0
2024/10/29 (11:29:10) | WARNING: NVML: Failed to get maximum GPU power draw, defaulting to 225W: Not Supported
2024/10/29 (11:29:10) | WARNING: Intel GPU: Failed to initialize PMU

2024/10/29 (15:26:00) | ===> btop++ v.1.4.0
2024/10/29 (15:26:00) | WARNING: NVML: Failed to get maximum GPU power draw, defaulting to 225W: Not Supported
2024/10/29 (15:26:00) | WARNING: Intel GPU: Failed to initialize PMU

2024/10/30 (11:49:05) | ===> btop++ v.1.4.0
2024/10/30 (11:49:05) | WARNING: NVML: Failed to get maximum GPU power draw, defaulting to 225W: Not Supported
2024/10/30 (11:49:05) | WARNING: Intel GPU: Failed to initialize PMU

2024/10/30 (15:12:03) | ===> btop++ v.1.4.0
2024/10/30 (15:12:03) | WARNING: NVML: Failed to get maximum GPU power draw, defaulting to 225W: Not Supported
2024/10/30 (15:12:03) | WARNING: Intel GPU: Failed to initialize PMU

2024/10/31 (10:23:41) | ===> btop++ v.1.4.0
2024/10/31 (10:23:41) | WARNING: NVML: Failed to get maximum GPU power draw, defaulting to 225W: Not Supported
2024/10/31 (10:23:41) | WARNING: Intel GPU: Failed to initialize PMU

2024/11/19 (21:35:11) | ===> btop++ v.1.4.0
2024/11/19 (21:35:11) | WARNING: NVML: Failed to get maximum GPU power draw, defaulting to 225W: Not Supported
2024/11/19 (21:35:11) | WARNING: Intel GPU: Failed to initialize PMU

2024/11/19 (23:44:14) | ===> btop++ v.1.4.0
2024/11/19 (23:44:14) | WARNING: NVML: Failed to get maximum GPU power draw, defaulting to 225W: Not Supported
2024/11/19 (23:44:14) | WARNING: Intel GPU: Failed to initialize PMU

2024/11/27 (22:34:49) | ===> btop++ v.1.4.0
2024/11/27 (22:34:49) | WARNING: NVML: Failed to get maximum GPU power draw, defaulting to 225W: Not Supported
2024/11/27 (22:34:49) | WARNING: Intel GPU: Failed to initialize PMU

2024/11/30 (23:00:18) | ===> btop++ v.1.4.0
2024/11/30 (23:00:18) | WARNING: NVML: Failed to get maximum GPU power draw, defaulting to 225W: Not Supported
2024/11/30 (23:00:18) | WARNING: Intel GPU: Failed to initialize PMU

2024/11/30 (23:32:20) | ===> btop++ v.1.4.0
2024/11/30 (23:32:20) | WARNING: NVML: Failed to get maximum GPU power draw, defaulting to 225W: Not Supported
2024/11/30 (23:32:20) | WARNING: Intel GPU: Failed to initialize PMU

2024/12/01 (09:44:53) | ===> btop++ v.1.4.0
2024/12/01 (09:44:53) | WARNING: NVML: Failed to get maximum GPU power draw, defaulting to 225W: Not Supported
2024/12/01 (09:44:53) | WARNING: Intel GPU: Failed to initialize PMU

2024/12/03 (15:22:19) | ===> btop++ v.1.4.0
2024/12/03 (15:22:19) | WARNING: NVML: Failed to get maximum GPU power draw, defaulting to 225W: Not Supported
2024/12/03 (15:22:20) | WARNING: Intel GPU: Failed to initialize PMU

2024/12/03 (15:46:18) | ===> btop++ v.1.4.0
2024/12/03 (15:46:18) | WARNING: NVML: Failed to get maximum GPU power draw, defaulting to 225W: Not Supported
2024/12/03 (15:46:18) | WARNING: Intel GPU: Failed to initialize PMU

2024/12/03 (15:46:46) | ===> btop++ v.1.4.0
2024/12/03 (15:46:46) | WARNING: NVML: Failed to get maximum GPU power draw, defaulting to 225W: Not Supported
2024/12/03 (15:46:46) | WARNING: Intel GPU: Failed to initialize PMU

2024/12/03 (15:51:47) | ===> btop++ v.1.4.0
2024/12/03 (15:51:47) | WARNING: NVML: Failed to get maximum GPU power draw, defaulting to 225W: Not Supported
2024/12/03 (15:51:47) | WARNING: Intel GPU: Failed to initialize PMU

2024/12/03 (16:16:37) | ===> btop++ v.1.4.0
2024/12/03 (16:16:37) | WARNING: NVML: Failed to get maximum GPU power draw, defaulting to 225W: Not Supported
2024/12/03 (16:16:38) | WARNING: Intel GPU: Failed to initialize PMU

2024/12/03 (16:16:43) | ===> btop++ v.1.4.0
2024/12/03 (16:16:43) | WARNING: NVML: Failed to get maximum GPU power draw, defaulting to 225W: Not Supported
2024/12/03 (16:16:43) | WARNING: Intel GPU: Failed to initialize PMU

2024/12/03 (18:25:41) | ===> btop++ v.1.4.0
2024/12/03 (18:25:41) | WARNING: NVML: Failed to get maximum GPU power draw, defaulting to 225W: Not Supported
2024/12/03 (18:25:41) | WARNING: Intel GPU: Failed to initialize PMU

2024/12/04 (00:03:13) | ===> btop++ v.1.4.0
2024/12/04 (00:03:13) | WARNING: NVML: Failed to get maximum GPU power draw, defaulting to 225W: Not Supported
2024/12/04 (00:03:13) | WARNING: Intel GPU: Failed to initialize PMU

2024/12/04 (00:04:20) | ===> btop++ v.1.4.0
2024/12/04 (00:04:20) | WARNING: NVML: Failed to get maximum GPU power draw, defaulting to 225W: Not Supported
2024/12/04 (00:04:20) | WARNING: Intel GPU: Failed to initialize PMU

2024/12/04 (07:52:11) | ===> btop++ v.1.4.0
2024/12/04 (07:52:11) | WARNING: NVML: Failed to get maximum GPU power draw, defaulting to 225W: Not Supported
2024/12/04 (07:52:11) | WARNING: Intel GPU: Failed to initialize PMU

2024/12/04 (07:54:58) | ===> btop++ v.1.4.0
2024/12/04 (07:54:58) | WARNING: NVML: Failed to get maximum GPU power draw, defaulting to 225W: Not Supported
2024/12/04 (07:54:58) | WARNING: Intel GPU: Failed to initialize PMU

2024/12/04 (07:57:22) | ===> btop++ v.1.4.0
2024/12/04 (07:57:22) | WARNING: NVML: Failed to get maximum GPU power draw, defaulting to 225W: Not Supported
2024/12/04 (07:57:22) | WARNING: Intel GPU: Failed to initialize PMU

2024/12/04 (12:15:25) | ===> btop++ v.1.4.0
2024/12/04 (12:15:25) | WARNING: NVML: Failed to get maximum GPU power draw, defaulting to 225W: Not Supported
2024/12/04 (12:15:25) | WARNING: Intel GPU: Failed to initialize PMU

2024/12/04 (14:01:24) | ===> btop++ v.1.4.0
2024/12/04 (14:01:24) | WARNING: NVML: Failed to get maximum GPU power draw, defaulting to 225W: Not Supported
2024/12/04 (14:01:24) | WARNING: Intel GPU: Failed to initialize PMU

2024/12/04 (15:53:56) | ===> btop++ v.1.4.0
2024/12/04 (15:53:56) | WARNING: NVML: Failed to get maximum GPU power draw, defaulting to 225W: Not Supported
2024/12/04 (15:53:56) | WARNING: Intel GPU: Failed to initialize PMU

2024/12/05 (12:48:02) | ===> btop++ v.1.4.0
2024/12/05 (12:48:02) | WARNING: NVML: Failed to get maximum GPU power draw, defaulting to 225W: Not Supported
2024/12/05 (12:48:02) | WARNING: Intel GPU: Failed to initialize PMU

2024/12/05 (12:51:10) | ===> btop++ v.1.4.0
2024/12/05 (12:51:10) | WARNING: NVML: Failed to get maximum GPU power draw, defaulting to 225W: Not Supported
2024/12/05 (12:51:10) | WARNING: Intel GPU: Failed to initialize PMU

2024/12/06 (00:11:03) | ===> btop++ v.1.4.0
2024/12/06 (00:11:03) | WARNING: NVML: Failed to get maximum GPU power draw, defaulting to 225W: Not Supported
2024/12/06 (00:11:04) | WARNING: Intel GPU: Failed to initialize PMU

2024/12/06 (08:15:31) | ===> btop++ v.1.4.0
2024/12/06 (08:15:31) | WARNING: NVML: Failed to get maximum GPU power draw, defaulting to 225W: Not Supported
2024/12/06 (08:15:31) | WARNING: Intel GPU: Failed to initialize PMU

2024/12/06 (15:00:16) | ===> btop++ v.1.4.0
2024/12/06 (15:00:16) | WARNING: NVML: Failed to get maximum GPU power draw, defaulting to 225W: Not Supported
2024/12/06 (15:00:16) | WARNING: Intel GPU: Failed to initialize PMU

2024/12/06 (15:55:01) | ===> btop++ v.1.4.0
2024/12/06 (15:55:01) | WARNING: NVML: Failed to get maximum GPU power draw, defaulting to 225W: Not Supported
2024/12/06 (15:55:01) | WARNING: Intel GPU: Failed to initialize PMU

2024/12/06 (20:55:55) | ===> btop++ v.1.4.0
2024/12/06 (20:55:55) | WARNING: NVML: Failed to get maximum GPU power draw, defaulting to 225W: Not Supported
2024/12/06 (20:55:55) | WARNING: Intel GPU: Failed to initialize PMU

2024/12/07 (09:51:56) | ===> btop++ v.1.4.0
2024/12/07 (09:51:56) | WARNING: NVML: Failed to get maximum GPU power draw, defaulting to 225W: Not Supported
2024/12/07 (09:51:56) | WARNING: Intel GPU: Failed to initialize PMU

2024/12/07 (16:55:23) | ===> btop++ v.1.4.0
2024/12/07 (16:55:23) | WARNING: NVML: Failed to get maximum GPU power draw, defaulting to 225W: Not Supported
2024/12/07 (16:55:23) | WARNING: Intel GPU: Failed to initialize PMU
2024/12/07 (21:46:09) | ERROR: Stall in Runner thread, restarting!

2024/12/08 (08:27:32) | ===> btop++ v.1.4.0
2024/12/08 (08:27:32) | WARNING: NVML: Failed to get maximum GPU power draw, defaulting to 225W: Not Supported
2024/12/08 (08:27:33) | WARNING: Intel GPU: Failed to initialize PMU

2024/12/08 (13:02:47) | ===> btop++ v.1.4.0
2024/12/08 (13:02:47) | WARNING: NVML: Failed to get maximum GPU power draw, defaulting to 225W: Not Supported
2024/12/08 (13:02:47) | WARNING: Intel GPU: Failed to initialize PMU

2024/12/08 (17:19:16) | ===> btop++ v.1.4.0
2024/12/08 (17:19:16) | WARNING: NVML: Failed to get maximum GPU power draw, defaulting to 225W: Not Supported
2024/12/08 (17:19:16) | WARNING: Intel GPU: Failed to initialize PMU

2024/12/08 (17:59:43) | ===> btop++ v.1.4.0
2024/12/08 (17:59:43) | WARNING: NVML: Failed to get maximum GPU power draw, defaulting to 225W: Not Supported
2024/12/08 (17:59:44) | WARNING: Intel GPU: Failed to initialize PMU

2024/12/08 (19:56:54) | ===> btop++ v.1.4.0
2024/12/08 (19:56:54) | WARNING: NVML: Failed to get maximum GPU power draw, defaulting to 225W: Not Supported
2024/12/08 (19:56:54) | WARNING: Intel GPU: Failed to initialize PMU
2024/12/08 (21:59:56) | ERROR: Stall in Runner thread, restarting!

2024/12/09 (10:00:42) | ===> btop++ v.1.4.0
2024/12/09 (10:00:42) | WARNING: NVML: Failed to get maximum GPU power draw, defaulting to 225W: Not Supported
2024/12/09 (10:00:43) | WARNING: Intel GPU: Failed to initialize PMU

2024/12/09 (17:17:31) | ===> btop++ v.1.4.0
2024/12/09 (17:17:31) | WARNING: NVML: Failed to get maximum GPU power draw, defaulting to 225W: Not Supported
2024/12/09 (17:17:31) | WARNING: Intel GPU: Failed to initialize PMU

2024/12/10 (09:02:50) | ===> btop++ v.1.4.0
2024/12/10 (09:02:50) | WARNING: NVML: Failed to get maximum GPU power draw, defaulting to 225W: Not Supported
2024/12/10 (09:02:51) | WARNING: Intel GPU: Failed to initialize PMU

2024/12/11 (15:09:49) | ===> btop++ v.1.4.0
2024/12/11 (15:09:49) | WARNING: NVML: Failed to get maximum GPU power draw, defaulting to 225W: Not Supported
2024/12/11 (15:09:49) | WARNING: Intel GPU: Failed to initialize PMU

2024/12/13 (21:21:20) | ===> btop++ v.1.4.0
2024/12/13 (21:21:20) | WARNING: NVML: Failed to get maximum GPU power draw, defaulting to 225W: Not Supported
2024/12/13 (21:21:20) | WARNING: Intel GPU: Failed to initialize PMU

2024/12/14 (08:28:14) | ===> btop++ v.1.4.0
2024/12/14 (08:28:14) | WARNING: NVML: Failed to get maximum GPU power draw, defaulting to 225W: Not Supported
2024/12/14 (08:28:14) | WARNING: Intel GPU: Failed to initialize PMU

2024/12/14 (16:08:03) | ===> btop++ v.1.4.0
2024/12/14 (16:08:03) | WARNING: NVML: Failed to get maximum GPU power draw, defaulting to 225W: Not Supported
2024/12/14 (16:08:03) | WARNING: Intel GPU: Failed to initialize PMU

2024/12/14 (16:10:10) | ===> btop++ v.1.4.0
2024/12/14 (16:10:10) | WARNING: NVML: Failed to get maximum GPU power draw, defaulting to 225W: Not Supported
2024/12/14 (16:10:10) | WARNING: Intel GPU: Failed to initialize PMU

2024/12/16 (09:23:23) | ===> btop++ v.1.4.0
2024/12/16 (09:23:23) | WARNING: NVML: Failed to get maximum GPU power draw, defaulting to 225W: Not Supported
2024/12/16 (09:23:23) | WARNING: Intel GPU: Failed to initialize PMU

2024/12/16 (13:58:53) | ===> btop++ v.1.4.0
2024/12/16 (13:58:53) | WARNING: NVML: Failed to get maximum GPU power draw, defaulting to 225W: Not Supported
2024/12/16 (13:58:53) | WARNING: Intel GPU: Failed to initialize PMU

2024/12/16 (21:13:25) | ===> btop++ v.1.4.0
2024/12/16 (21:13:25) | WARNING: NVML: Failed to get maximum GPU power draw, defaulting to 225W: Not Supported
2024/12/16 (21:13:25) | WARNING: Intel GPU: Failed to initialize PMU

2024/12/16 (21:43:40) | ===> btop++ v.1.4.0
2024/12/16 (21:43:40) | WARNING: NVML: Failed to get maximum GPU power draw, defaulting to 225W: Not Supported
2024/12/16 (21:43:40) | WARNING: Intel GPU: Failed to initialize PMU

2024/12/17 (09:13:47) | ===> btop++ v.1.4.0
2024/12/17 (09:13:47) | WARNING: NVML: Failed to get maximum GPU power draw, defaulting to 225W: Not Supported
2024/12/17 (09:13:47) | WARNING: Intel GPU: Failed to initialize PMU

2024/12/17 (14:21:09) | ===> btop++ v.1.4.0
2024/12/17 (14:21:09) | WARNING: NVML: Failed to get maximum GPU power draw, defaulting to 225W: Not Supported
2024/12/17 (14:21:09) | WARNING: Intel GPU: Failed to initialize PMU

2024/12/17 (14:57:59) | ===> btop++ v.1.4.0
2024/12/17 (14:57:59) | WARNING: NVML: Failed to get maximum GPU power draw, defaulting to 225W: Not Supported
2024/12/17 (14:58:00) | WARNING: Intel GPU: Failed to initialize PMU

2024/12/17 (18:30:16) | ===> btop++ v.1.4.0
2024/12/17 (18:30:16) | WARNING: NVML: Failed to get maximum GPU power draw, defaulting to 225W: Not Supported
2024/12/17 (18:30:16) | WARNING: Intel GPU: Failed to initialize PMU

2024/12/17 (22:45:24) | ===> btop++ v.1.4.0
2024/12/17 (22:45:24) | WARNING: NVML: Failed to get maximum GPU power draw, defaulting to 225W: Not Supported
2024/12/17 (22:45:25) | WARNING: Intel GPU: Failed to initialize PMU

2024/12/17 (23:02:00) | ===> btop++ v.1.4.0
2024/12/17 (23:02:00) | WARNING: NVML: Failed to get maximum GPU power draw, defaulting to 225W: Not Supported
2024/12/17 (23:02:00) | WARNING: Intel GPU: Failed to initialize PMU

2024/12/17 (23:08:18) | ===> btop++ v.1.4.0
2024/12/17 (23:08:18) | WARNING: NVML: Failed to get maximum GPU power draw, defaulting to 225W: Not Supported
2024/12/17 (23:08:18) | WARNING: Intel GPU: Failed to initialize PMU

2024/12/18 (08:08:40) | ===> btop++ v.1.4.0
2024/12/18 (08:08:40) | WARNING: NVML: Failed to get maximum GPU power draw, defaulting to 225W: Not Supported
2024/12/18 (08:08:40) | WARNING: Intel GPU: Failed to initialize PMU

2024/12/18 (22:10:26) | ===> btop++ v.1.4.0
2024/12/18 (22:10:26) | WARNING: NVML: Failed to get maximum GPU power draw, defaulting to 225W: Not Supported
2024/12/18 (22:10:27) | WARNING: Intel GPU: Failed to initialize PMU

2024/12/19 (08:23:23) | ===> btop++ v.1.4.0
2024/12/19 (08:23:23) | WARNING: NVML: Failed to get maximum GPU power draw, defaulting to 225W: Not Supported
2024/12/19 (08:23:23) | WARNING: Intel GPU: Failed to initialize PMU
2024/12/19 (15:17:19) | ERROR: Stall in Runner thread, restarting!

2024/12/19 (15:37:27) | ===> btop++ v.1.4.0
2024/12/19 (15:37:27) | WARNING: NVML: Failed to get maximum GPU power draw, defaulting to 225W: Not Supported
2024/12/19 (15:37:27) | WARNING: Intel GPU: Failed to initialize PMU

2024/12/19 (17:28:40) | ===> btop++ v.1.4.0
2024/12/19 (17:28:40) | WARNING: NVML: Failed to get maximum GPU power draw, defaulting to 225W: Not Supported
2024/12/19 (17:28:40) | WARNING: Intel GPU: Failed to initialize PMU

2024/12/19 (21:53:44) | ===> btop++ v.1.4.0
2024/12/19 (21:53:44) | WARNING: NVML: Failed to get maximum GPU power draw, defaulting to 225W: Not Supported
2024/12/19 (21:53:44) | WARNING: Intel GPU: Failed to initialize PMU

2024/12/19 (22:56:21) | ===> btop++ v.1.4.0
2024/12/19 (22:56:21) | WARNING: NVML: Failed to get maximum GPU power draw, defaulting to 225W: Not Supported
2024/12/19 (22:56:21) | WARNING: Intel GPU: Failed to initialize PMU

2024/12/20 (09:36:31) | ===> btop++ v.1.4.0
2024/12/20 (09:36:31) | WARNING: NVML: Failed to get maximum GPU power draw, defaulting to 225W: Not Supported
2024/12/20 (09:36:31) | WARNING: Intel GPU: Failed to initialize PMU
2024/12/20 (22:55:41) | ERROR: Stall in Runner thread, restarting!

2024/12/21 (10:28:07) | ===> btop++ v.1.4.0
2024/12/21 (10:28:07) | WARNING: NVML: Failed to get maximum GPU power draw, defaulting to 225W: Not Supported
2024/12/21 (10:28:07) | WARNING: Intel GPU: Failed to initialize PMU

2024/12/21 (17:33:36) | ===> btop++ v.1.4.0
2024/12/21 (17:33:36) | WARNING: NVML: Failed to get maximum GPU power draw, defaulting to 225W: Not Supported
2024/12/21 (17:33:36) | WARNING: Intel GPU: Failed to initialize PMU

2024/12/22 (09:33:11) | ===> btop++ v.1.4.0
2024/12/22 (09:33:11) | WARNING: NVML: Failed to get maximum GPU power draw, defaulting to 225W: Not Supported
2024/12/22 (09:33:12) | WARNING: Intel GPU: Failed to initialize PMU

2024/12/23 (08:37:30) | ===> btop++ v.1.4.0
2024/12/23 (08:37:30) | WARNING: NVML: Failed to get maximum GPU power draw, defaulting to 225W: Not Supported
2024/12/23 (08:37:31) | WARNING: Intel GPU: Failed to initialize PMU

2024/12/24 (10:38:54) | ===> btop++ v.1.4.0
2024/12/24 (10:38:54) | WARNING: NVML: Failed to get maximum GPU power draw, defaulting to 225W: Not Supported
2024/12/24 (10:38:54) | WARNING: Intel GPU: Failed to initialize PMU

2024/12/27 (11:15:45) | ===> btop++ v.1.4.0
2024/12/27 (11:15:45) | WARNING: NVML: Failed to get maximum GPU power draw, defaulting to 225W: Not Supported
2024/12/27 (11:15:45) | WARNING: Intel GPU: Failed to initialize PMU

2024/12/29 (08:41:04) | ===> btop++ v.1.4.0
2024/12/29 (08:41:04) | WARNING: NVML: Failed to get maximum GPU power draw, defaulting to 225W: Not Supported
2024/12/29 (08:41:04) | WARNING: Intel GPU: Failed to initialize PMU

2024/12/29 (13:11:14) | ===> btop++ v.1.4.0
2024/12/29 (13:11:14) | WARNING: NVML: Failed to get maximum GPU power draw, defaulting to 225W: Not Supported
2024/12/29 (13:11:14) | WARNING: Intel GPU: Failed to initialize PMU

2024/12/29 (13:28:05) | ===> btop++ v.1.4.0
2024/12/29 (13:28:05) | WARNING: NVML: Failed to get maximum GPU power draw, defaulting to 225W: Not Supported
2024/12/29 (13:28:05) | WARNING: Intel GPU: Failed to initialize PMU

2024/12/29 (13:34:07) | ===> btop++ v.1.4.0
2024/12/29 (13:34:07) | WARNING: NVML: Failed to get maximum GPU power draw, defaulting to 225W: Not Supported
2024/12/29 (13:34:07) | WARNING: Intel GPU: Failed to initialize PMU

2024/12/29 (20:41:52) | ===> btop++ v.1.4.0
2024/12/29 (20:41:52) | WARNING: NVML: Failed to get maximum GPU power draw, defaulting to 225W: Not Supported
2024/12/29 (20:41:52) | WARNING: Intel GPU: Failed to initialize PMU

2025/01/05 (17:38:24) | ===> btop++ v.1.4.0
2025/01/05 (17:38:24) | WARNING: NVML: Failed to get maximum GPU power draw, defaulting to 225W: Not Supported
2025/01/05 (17:38:24) | WARNING: Intel GPU: Failed to initialize PMU

2025/01/07 (11:21:03) | ===> btop++ v.1.4.0
2025/01/07 (11:21:03) | WARNING: NVML: Failed to get maximum GPU power draw, defaulting to 225W: Not Supported
2025/01/07 (11:21:03) | WARNING: Intel GPU: Failed to initialize PMU

2025/01/07 (18:45:03) | ===> btop++ v.1.4.0
2025/01/07 (18:45:03) | WARNING: NVML: Failed to get maximum GPU power draw, defaulting to 225W: Not Supported
2025/01/07 (18:45:03) | WARNING: Intel GPU: Failed to initialize PMU

2025/01/09 (11:08:03) | ===> btop++ v.1.4.0
2025/01/09 (11:08:03) | WARNING: NVML: Failed to get maximum GPU power draw, defaulting to 225W: Not Supported
2025/01/09 (11:08:03) | WARNING: Intel GPU: Failed to initialize PMU

2025/01/10 (12:55:35) | ===> btop++ v.1.4.0
2025/01/10 (12:55:35) | WARNING: NVML: Failed to get maximum GPU power draw, defaulting to 225W: Not Supported
2025/01/10 (12:55:35) | WARNING: Intel GPU: Failed to initialize PMU

2025/01/14 (14:00:59) | ===> btop++ v.1.4.0
2025/01/14 (14:00:59) | WARNING: NVML: Failed to get maximum GPU power draw, defaulting to 225W: Not Supported
2025/01/14 (14:00:59) | WARNING: Intel GPU: Failed to initialize PMU

2025/01/15 (16:33:21) | ===> btop++ v.1.4.0
2025/01/15 (16:33:21) | WARNING: NVML: Failed to get maximum GPU power draw, defaulting to 225W: Not Supported
2025/01/15 (16:33:21) | WARNING: Intel GPU: Failed to initialize PMU

2025/01/16 (08:05:04) | ===> btop++ v.1.4.0
2025/01/16 (08:05:04) | WARNING: NVML: Failed to get maximum GPU power draw, defaulting to 225W: Not Supported
2025/01/16 (08:05:04) | WARNING: Intel GPU: Failed to initialize PMU
2025/01/16 (10:29:45) | ERROR: Stall in Runner thread, restarting!

2025/01/16 (10:41:58) | ===> btop++ v.1.4.0
2025/01/16 (10:41:58) | WARNING: NVML: Failed to get maximum GPU power draw, defaulting to 225W: Not Supported
2025/01/16 (10:41:58) | WARNING: Intel GPU: Failed to initialize PMU
